2020-08-05 19:28:02,162 : ERROR : main_logger : 'Could not determine buy price!' : ['OUT ', ' 4 ', ' DAY ', ' CLOSING POS 4.8 ', ' 5.3, 4']
2020-08-05 19:29:39,556 : ERROR : main_logger : 'Could not determine buy price!' : ['OUT ', ' 4 ', ' DAY ', ' CLOSING POS 4.8 ', ' 5.3, 4']
2020-08-05 19:30:26,699 : ERROR : main_logger : 'Could not determine buy price!' : ['OUT ', ' 4 ', ' DAY ', ' CLOSING POS 4.8 ', ' 5.3, 4']
2020-08-05 19:42:32,692 : ERROR : main_logger : 'Could not determine buy price!' : ['OUT ', ' 4 ', ' DAY ', ' CLOSING POS 4.8 ', ' 5.3, 4']
2020-08-05 19:57:47,098 : ERROR : main_logger : 'Could not determine buy price!' : ['OUT ', ' 4 ', ' DAY ', ' CLOSING POS 4.8 ', ' 5.3, 4']
2020-08-05 20:12:57,597 : ERROR : main_logger : 'Could not determine buy price!' : ['OUT ', ' 4 ', ' DAY ', ' CLOSING POS 4.8 ', ' 5.3, 4']
2020-08-05 20:17:17,852 : ERROR : main_logger : 'Could not determine buy price!' : ['OUT ', ' 4 ', ' DAY ', ' CLOSING POS 4.8 ', ' 5.3, 4']
2020-08-05 20:19:28,609 : ERROR : main_logger : 'Could not determine buy price!' : ['OUT ', ' 4 ', ' DAY ', ' CLOSING POS 4.8 ', ' 5.3, 4']
2020-08-07 20:00:23,460 : ERROR : main_logger :  : ['OUT ', ' 07/24 ', ' 130C ', ' 1.66 ', ' SCALP ', ' OUT OF ALL. STOP HIT. MY BAD YALL..SHOULDA TAKEN IT WHEN IT WAS GREEN'] Live price : 151.51 Strike price : 130
2020-08-07 20:00:23,493 : ERROR : main_logger : This trade contains error(s)! : 7:00 AMBOTBBS-TRADE-BOTMariaC82OUT - SQ - 07/24 - 130C - 1.66 - SCALP - OUT OF ALL. STOP HIT. MY BAD YALL..SHOULDA TAKEN IT WHEN IT WAS GREEN
2020-08-07 20:00:24,750 : ERROR : main_logger :  : ['IN ', ' 7/24 ', ' 385P ', ' 2.5 ', ' DAY ', ' TRADE AT YOUR OWN RISK...USE OWN STOPS'] Live price : 452.82 Strike price : 385
2020-08-07 20:00:24,750 : ERROR : main_logger : This trade contains error(s)! : BOTBBS-TRADE-BOTThuhKangIN - AAPL - 7/24 - 385P - 2.5 - DAY - TRADE AT YOUR OWN RISK...USE OWN STOPS
2020-08-07 20:00:25,987 : ERROR : main_logger :  : ['OUT ', ' 7/24 ', ' 385P ', ' 3.25 ', ' DAY ', ' CLOSING 1/2 POS 2.5 ', ' 3.25'] Live price : 452.82 Strike price : 385
2020-08-07 20:00:27,370 : ERROR : main_logger :  : ['OUT ', ' 7/24 ', ' 385P ', ' 3.25 ', ' DAY ', ' CLOSING 1/2 POS 2.5 ', ' 3.25'] Live price : 452.82 Strike price : 2
2020-08-07 20:00:27,377 : ERROR : main_logger : This trade contains error(s)! : BOTBBS-TRADE-BOTThuhKangOUT - AAPL - 7/24 - 385P - 3.25 - DAY - CLOSING 1/2 POS 2.5 - 3.2523
2020-08-07 20:00:28,596 : ERROR : main_logger :  : ['OUT ', ' 7/24 ', ' 385P ', ' 3.5 ', ' DAY ', ' CLOSING POS 2.5 ', ' 3.25, 3.5'] Live price : 452.82 Strike price : 385
2020-08-07 20:00:28,601 : ERROR : main_logger : This trade contains error(s)! : BOTBBS-TRADE-BOTThuhKangOUT - AAPL - 7/24 - 385P - 3.5 - DAY - CLOSING POS 2.5 - 3.25, 3.5
2020-08-07 20:00:30,019 : ERROR : main_logger :  : ['IN ', ' 7/24 ', ' 382.5P ', ' 2.5 ', ' DAY ', ' TRADE AT YOUR OWN RISK...USE OWN STOPS'] Live price : 452.82 Strike price : 382.5
2020-08-07 20:00:30,020 : ERROR : main_logger : This trade contains error(s)! : 7:54 AMBOTBBS-TRADE-BOTThuhKangIN - AAPL - 7/24 - 382.5P - 2.5 - DAY - TRADE AT YOUR OWN RISK...USE OWN STOPS
2020-08-07 20:00:31,286 : ERROR : main_logger :  : ['OUT ', ' 7/24 ', ' 382.5P ', ' 2.9 ', ' DAY ', ' CLOSING 1/2 POS 2.5 ', ' 2.9'] Live price : 452.82 Strike price : 382.5
2020-08-07 20:00:32,563 : ERROR : main_logger :  : ['OUT ', ' 7/24 ', ' 382.5P ', ' 2.9 ', ' DAY ', ' CLOSING 1/2 POS 2.5 ', ' 2.9'] Live price : 452.82 Strike price : 2
2020-08-07 20:00:32,568 : ERROR : main_logger : This trade contains error(s)! : BOTBBS-TRADE-BOTThuhKangOUT - AAPL - 7/24 - 382.5P - 2.9 - DAY - CLOSING 1/2 POS 2.5 - 2.9
2020-08-07 20:00:33,826 : ERROR : main_logger :  : ['OUT ', ' 7/24 ', ' 382.5P ', ' 2.97 ', ' DAY ', ' CLOSING POS 2.5 ', ' 2.9, 2.97'] Live price : 452.82 Strike price : 382.5
2020-08-07 20:00:33,831 : ERROR : main_logger : This trade contains error(s)! : BOTBBS-TRADE-BOTThuhKangOUT - AAPL - 7/24 - 382.5P - 2.97 - DAY - CLOSING POS 2.5 - 2.9, 2.97
2020-08-07 20:00:41,863 : ERROR : main_logger : 'Could not determine buy price!' : ['OUT ', ' 21 ', ' CUT ', ' POS 24.8 ', ' 21']
2020-08-07 20:11:21,754 : ERROR : main_logger :  : ['OUT ', ' 07/24 ', ' 130C ', ' 1.66 ', ' SCALP ', ' OUT OF ALL. STOP HIT. MY BAD YALL..SHOULDA TAKEN IT WHEN IT WAS GREEN'] Live price : 151.51 Strike price : 130
2020-08-07 20:11:21,757 : ERROR : main_logger : This trade contains error(s)! : 7:00 AMBOTBBS-TRADE-BOTMariaC82OUT - SQ - 07/24 - 130C - 1.66 - SCALP - OUT OF ALL. STOP HIT. MY BAD YALL..SHOULDA TAKEN IT WHEN IT WAS GREEN
2020-08-07 20:11:23,154 : ERROR : main_logger :  : ['IN ', ' 7/24 ', ' 385P ', ' 2.5 ', ' DAY ', ' TRADE AT YOUR OWN RISK...USE OWN STOPS'] Live price : 452.82 Strike price : 385
2020-08-07 20:11:23,154 : ERROR : main_logger : This trade contains error(s)! : BOTBBS-TRADE-BOTThuhKangIN - AAPL - 7/24 - 385P - 2.5 - DAY - TRADE AT YOUR OWN RISK...USE OWN STOPS
2020-08-07 20:11:24,514 : ERROR : main_logger :  : ['OUT ', ' 7/24 ', ' 385P ', ' 3.25 ', ' DAY ', ' CLOSING 1/2 POS 2.5 ', ' 3.25'] Live price : 452.82 Strike price : 385
2020-08-07 20:11:25,857 : ERROR : main_logger :  : ['OUT ', ' 7/24 ', ' 385P ', ' 3.25 ', ' DAY ', ' CLOSING 1/2 POS 2.5 ', ' 3.25'] Live price : 452.82 Strike price : 2
2020-08-07 20:11:25,863 : ERROR : main_logger : This trade contains error(s)! : BOTBBS-TRADE-BOTThuhKangOUT - AAPL - 7/24 - 385P - 3.25 - DAY - CLOSING 1/2 POS 2.5 - 3.2523
2020-08-07 20:11:27,227 : ERROR : main_logger :  : ['OUT ', ' 7/24 ', ' 385P ', ' 3.5 ', ' DAY ', ' CLOSING POS 2.5 ', ' 3.25, 3.5'] Live price : 452.82 Strike price : 385
2020-08-07 20:11:27,232 : ERROR : main_logger : This trade contains error(s)! : BOTBBS-TRADE-BOTThuhKangOUT - AAPL - 7/24 - 385P - 3.5 - DAY - CLOSING POS 2.5 - 3.25, 3.5
2020-08-07 20:11:28,558 : ERROR : main_logger :  : ['IN ', ' 7/24 ', ' 382.5P ', ' 2.5 ', ' DAY ', ' TRADE AT YOUR OWN RISK...USE OWN STOPS'] Live price : 452.82 Strike price : 382.5
2020-08-07 20:11:28,559 : ERROR : main_logger : This trade contains error(s)! : 7:54 AMBOTBBS-TRADE-BOTThuhKangIN - AAPL - 7/24 - 382.5P - 2.5 - DAY - TRADE AT YOUR OWN RISK...USE OWN STOPS
2020-08-07 20:11:29,755 : ERROR : main_logger :  : ['OUT ', ' 7/24 ', ' 382.5P ', ' 2.9 ', ' DAY ', ' CLOSING 1/2 POS 2.5 ', ' 2.9'] Live price : 452.82 Strike price : 382.5
2020-08-07 20:11:31,067 : ERROR : main_logger :  : ['OUT ', ' 7/24 ', ' 382.5P ', ' 2.9 ', ' DAY ', ' CLOSING 1/2 POS 2.5 ', ' 2.9'] Live price : 452.82 Strike price : 2
2020-08-07 20:11:31,072 : ERROR : main_logger : This trade contains error(s)! : BOTBBS-TRADE-BOTThuhKangOUT - AAPL - 7/24 - 382.5P - 2.9 - DAY - CLOSING 1/2 POS 2.5 - 2.9
2020-08-07 20:11:32,459 : ERROR : main_logger :  : ['OUT ', ' 7/24 ', ' 382.5P ', ' 2.97 ', ' DAY ', ' CLOSING POS 2.5 ', ' 2.9, 2.97'] Live price : 452.82 Strike price : 382.5
2020-08-07 20:11:32,464 : ERROR : main_logger : This trade contains error(s)! : BOTBBS-TRADE-BOTThuhKangOUT - AAPL - 7/24 - 382.5P - 2.97 - DAY - CLOSING POS 2.5 - 2.9, 2.97
2020-08-07 20:11:40,788 : ERROR : main_logger : 'Could not determine buy price!' : ['OUT ', ' 21 ', ' CUT ', ' POS 24.8 ', ' 21']
2020-08-07 20:35:52,391 : ERROR : main_logger :  : ['OUT ', ' 07/24 ', ' 130C ', ' 1.66 ', ' SCALP ', ' OUT OF ALL. STOP HIT. MY BAD YALL..SHOULDA TAKEN IT WHEN IT WAS GREEN'] Live price : 151.51 Strike price : 130
2020-08-07 20:35:52,394 : ERROR : main_logger : This trade contains error(s)! : 7:00 AMBOTBBS-TRADE-BOTMariaC82OUT - SQ - 07/24 - 130C - 1.66 - SCALP - OUT OF ALL. STOP HIT. MY BAD YALL..SHOULDA TAKEN IT WHEN IT WAS GREEN
2020-08-07 20:35:53,700 : ERROR : main_logger :  : ['IN ', ' 7/24 ', ' 385P ', ' 2.5 ', ' DAY ', ' TRADE AT YOUR OWN RISK...USE OWN STOPS'] Live price : 452.82 Strike price : 385
2020-08-07 20:35:53,700 : ERROR : main_logger : This trade contains error(s)! : BOTBBS-TRADE-BOTThuhKangIN - AAPL - 7/24 - 385P - 2.5 - DAY - TRADE AT YOUR OWN RISK...USE OWN STOPS
2020-08-07 20:35:55,004 : ERROR : main_logger :  : ['OUT ', ' 7/24 ', ' 385P ', ' 3.25 ', ' DAY ', ' CLOSING 1/2 POS 2.5 ', ' 3.25'] Live price : 452.82 Strike price : 385
2020-08-07 20:35:56,160 : ERROR : main_logger :  : ['OUT ', ' 7/24 ', ' 385P ', ' 3.25 ', ' DAY ', ' CLOSING 1/2 POS 2.5 ', ' 3.25'] Live price : 452.82 Strike price : 2
2020-08-07 20:35:56,167 : ERROR : main_logger : This trade contains error(s)! : BOTBBS-TRADE-BOTThuhKangOUT - AAPL - 7/24 - 385P - 3.25 - DAY - CLOSING 1/2 POS 2.5 - 3.2523
2020-08-07 20:35:57,445 : ERROR : main_logger :  : ['OUT ', ' 7/24 ', ' 385P ', ' 3.5 ', ' DAY ', ' CLOSING POS 2.5 ', ' 3.25, 3.5'] Live price : 452.82 Strike price : 385
2020-08-07 20:35:57,450 : ERROR : main_logger : This trade contains error(s)! : BOTBBS-TRADE-BOTThuhKangOUT - AAPL - 7/24 - 385P - 3.5 - DAY - CLOSING POS 2.5 - 3.25, 3.5
2020-08-07 20:35:58,703 : ERROR : main_logger :  : ['IN ', ' 7/24 ', ' 382.5P ', ' 2.5 ', ' DAY ', ' TRADE AT YOUR OWN RISK...USE OWN STOPS'] Live price : 452.82 Strike price : 382.5
2020-08-07 20:35:58,704 : ERROR : main_logger : This trade contains error(s)! : 7:54 AMBOTBBS-TRADE-BOTThuhKangIN - AAPL - 7/24 - 382.5P - 2.5 - DAY - TRADE AT YOUR OWN RISK...USE OWN STOPS
2020-08-07 20:35:59,938 : ERROR : main_logger :  : ['OUT ', ' 7/24 ', ' 382.5P ', ' 2.9 ', ' DAY ', ' CLOSING 1/2 POS 2.5 ', ' 2.9'] Live price : 452.82 Strike price : 382.5
2020-08-07 20:36:01,245 : ERROR : main_logger :  : ['OUT ', ' 7/24 ', ' 382.5P ', ' 2.9 ', ' DAY ', ' CLOSING 1/2 POS 2.5 ', ' 2.9'] Live price : 452.82 Strike price : 2
2020-08-07 20:36:01,250 : ERROR : main_logger : This trade contains error(s)! : BOTBBS-TRADE-BOTThuhKangOUT - AAPL - 7/24 - 382.5P - 2.9 - DAY - CLOSING 1/2 POS 2.5 - 2.9
2020-08-07 20:36:02,547 : ERROR : main_logger :  : ['OUT ', ' 7/24 ', ' 382.5P ', ' 2.97 ', ' DAY ', ' CLOSING POS 2.5 ', ' 2.9, 2.97'] Live price : 452.82 Strike price : 382.5
2020-08-07 20:36:02,552 : ERROR : main_logger : This trade contains error(s)! : BOTBBS-TRADE-BOTThuhKangOUT - AAPL - 7/24 - 382.5P - 2.97 - DAY - CLOSING POS 2.5 - 2.9, 2.97
2020-08-07 20:36:10,712 : ERROR : main_logger : 'Could not determine buy price!' : ['OUT ', ' 21 ', ' CUT ', ' POS 24.8 ', ' 21']
2020-08-07 20:37:22,033 : ERROR : main_logger :  : ['OUT ', ' 07/24 ', ' 130C ', ' 1.66 ', ' SCALP ', ' OUT OF ALL. STOP HIT. MY BAD YALL..SHOULDA TAKEN IT WHEN IT WAS GREEN'] Live price : 151.51 Strike price : 130
2020-08-07 20:37:22,036 : ERROR : main_logger : This trade contains error(s)! : 7:00 AMBOTBBS-TRADE-BOTMariaC82OUT - SQ - 07/24 - 130C - 1.66 - SCALP - OUT OF ALL. STOP HIT. MY BAD YALL..SHOULDA TAKEN IT WHEN IT WAS GREEN
2020-08-07 20:37:23,263 : ERROR : main_logger :  : ['IN ', ' 7/24 ', ' 385P ', ' 2.5 ', ' DAY ', ' TRADE AT YOUR OWN RISK...USE OWN STOPS'] Live price : 452.82 Strike price : 385
2020-08-07 20:37:23,264 : ERROR : main_logger : This trade contains error(s)! : BOTBBS-TRADE-BOTThuhKangIN - AAPL - 7/24 - 385P - 2.5 - DAY - TRADE AT YOUR OWN RISK...USE OWN STOPS
2020-08-07 20:37:24,522 : ERROR : main_logger :  : ['OUT ', ' 7/24 ', ' 385P ', ' 3.25 ', ' DAY ', ' CLOSING 1/2 POS 2.5 ', ' 3.25'] Live price : 452.82 Strike price : 385
2020-08-07 20:37:25,870 : ERROR : main_logger :  : ['OUT ', ' 7/24 ', ' 385P ', ' 3.25 ', ' DAY ', ' CLOSING 1/2 POS 2.5 ', ' 3.25'] Live price : 452.82 Strike price : 2
2020-08-07 20:37:25,876 : ERROR : main_logger : This trade contains error(s)! : BOTBBS-TRADE-BOTThuhKangOUT - AAPL - 7/24 - 385P - 3.25 - DAY - CLOSING 1/2 POS 2.5 - 3.2523
2020-08-07 20:37:27,176 : ERROR : main_logger :  : ['OUT ', ' 7/24 ', ' 385P ', ' 3.5 ', ' DAY ', ' CLOSING POS 2.5 ', ' 3.25, 3.5'] Live price : 452.82 Strike price : 385
2020-08-07 20:37:27,181 : ERROR : main_logger : This trade contains error(s)! : BOTBBS-TRADE-BOTThuhKangOUT - AAPL - 7/24 - 385P - 3.5 - DAY - CLOSING POS 2.5 - 3.25, 3.5
2020-08-07 20:37:28,508 : ERROR : main_logger :  : ['IN ', ' 7/24 ', ' 382.5P ', ' 2.5 ', ' DAY ', ' TRADE AT YOUR OWN RISK...USE OWN STOPS'] Live price : 452.82 Strike price : 382.5
2020-08-07 20:37:28,509 : ERROR : main_logger : This trade contains error(s)! : 7:54 AMBOTBBS-TRADE-BOTThuhKangIN - AAPL - 7/24 - 382.5P - 2.5 - DAY - TRADE AT YOUR OWN RISK...USE OWN STOPS
2020-08-07 20:37:29,708 : ERROR : main_logger :  : ['OUT ', ' 7/24 ', ' 382.5P ', ' 2.9 ', ' DAY ', ' CLOSING 1/2 POS 2.5 ', ' 2.9'] Live price : 452.82 Strike price : 382.5
2020-08-07 20:37:30,989 : ERROR : main_logger :  : ['OUT ', ' 7/24 ', ' 382.5P ', ' 2.9 ', ' DAY ', ' CLOSING 1/2 POS 2.5 ', ' 2.9'] Live price : 452.82 Strike price : 2
2020-08-07 20:37:30,994 : ERROR : main_logger : This trade contains error(s)! : BOTBBS-TRADE-BOTThuhKangOUT - AAPL - 7/24 - 382.5P - 2.9 - DAY - CLOSING 1/2 POS 2.5 - 2.9
2020-08-07 20:37:32,302 : ERROR : main_logger :  : ['OUT ', ' 7/24 ', ' 382.5P ', ' 2.97 ', ' DAY ', ' CLOSING POS 2.5 ', ' 2.9, 2.97'] Live price : 452.82 Strike price : 382.5
2020-08-07 20:37:32,307 : ERROR : main_logger : This trade contains error(s)! : BOTBBS-TRADE-BOTThuhKangOUT - AAPL - 7/24 - 382.5P - 2.97 - DAY - CLOSING POS 2.5 - 2.9, 2.97
2020-08-07 20:37:39,963 : ERROR : main_logger : 'Could not determine buy price!' : ['OUT ', ' 21 ', ' CUT ', ' POS 24.8 ', ' 21']
